SF:/mnt/dev-1/Development/google/dart/projects/cbor/lib/src/cbor_encoder.dart
DA:20,3
DA:21,3
DA:26,0
DA:32,6
DA:34,6
DA:40,3
DA:41,9
DA:43,3
DA:49,6
DA:50,6
DA:57,4
DA:62,3
DA:64,2
DA:66,6
DA:67,6
DA:73,2
DA:75,4
DA:76,4
DA:91,6
DA:92,3
DA:94,0
DA:112,6
DA:113,3
DA:115,0
DA:123,3
DA:129,3
DA:130,9
DA:135,6
DA:140,4
DA:145,2
DA:146,4
DA:151,8
DA:152,4
DA:158,3
DA:159,6
DA:160,3
DA:161,3
DA:163,1
DA:164,2
DA:167,1
DA:170,1
DA:180,2
DA:181,1
DA:182,2
DA:183,1
DA:185,2
DA:191,3
DA:193,3
DA:194,2
DA:195,2
DA:197,3
DA:198,9
DA:199,9
DA:205,3
DA:207,3
DA:208,2
DA:209,2
DA:210,2
DA:211,2
DA:213,3
DA:214,3
DA:215,3
DA:216,3
DA:217,9
DA:218,9
DA:219,9
DA:220,9
DA:226,3
DA:228,3
DA:229,2
DA:230,2
DA:231,2
DA:232,2
DA:233,2
DA:234,2
DA:235,2
DA:236,2
DA:238,3
DA:239,3
DA:240,3
DA:241,3
DA:242,9
DA:243,9
DA:244,9
DA:245,9
DA:246,9
DA:247,9
DA:248,9
DA:249,9
DA:256,3
DA:257,3
DA:264,3
DA:265,6
DA:266,3
DA:268,1
DA:269,0
DA:270,1
DA:271,0
DA:273,1
DA:283,3
DA:284,3
DA:289,3
DA:290,3
DA:298,2
DA:299,2
DA:307,3
DA:308,3
DA:313,3
DA:314,3
DA:322,3
DA:323,3
DA:324,3
DA:325,3
DA:326,3
DA:327,3
DA:328,3
DA:335,3
DA:336,3
DA:338,9
DA:339,6
DA:341,9
DA:342,6
DA:343,6
DA:345,9
DA:346,3
DA:347,3
DA:348,6
DA:349,3
DA:350,3
DA:351,3
DA:352,3
DA:353,6
DA:354,6
DA:356,9
DA:357,3
DA:358,3
DA:359,6
DA:360,3
DA:361,3
DA:362,3
DA:363,3
DA:364,6
DA:365,2
DA:367,3
DA:368,1
DA:369,1
DA:370,2
DA:371,1
DA:372,1
DA:373,1
DA:374,1
DA:375,2
DA:378,0
DA:384,3
DA:385,3
DA:386,3
DA:387,3
DA:397,3
DA:399,2
DA:401,1
DA:409,1
DA:411,6
DA:414,2
DA:418,6
DA:419,6
DA:420,3
DA:423,3
DA:427,3
DA:428,3
DA:430,1
DA:431,1
DA:433,1
DA:434,0
DA:436,1
DA:438,1
DA:444,0
DA:445,0
DA:449,1
DA:451,1
DA:457,0
DA:458,0
DA:462,0
DA:463,0
DA:465,0
DA:466,0
DA:468,0
DA:469,0
DA:472,0
DA:485,3
DA:487,1
DA:493,3
DA:495,6
DA:496,9
DA:497,9
DA:507,6
DA:509,0
DA:511,6
DA:515,2
DA:519,3
DA:521,9
DA:522,2
DA:524,3
DA:527,6
DA:528,3
DA:531,3
DA:535,3
DA:536,2
DA:538,3
DA:539,3
DA:541,3
DA:542,0
DA:544,3
DA:546,3
DA:552,2
DA:553,2
DA:557,3
DA:559,1
DA:565,0
DA:566,0
DA:570,3
DA:571,3
DA:573,1
DA:574,1
DA:576,1
DA:577,1
DA:580,0
end_of_record
SF:/mnt/dev-1/Development/google/dart/projects/cbor/lib/src/cbor_input.dart
DA:16,3
DA:17,3
DA:18,3
DA:23,15
DA:28,12
DA:33,27
DA:34,6
DA:40,15
DA:41,18
DA:42,18
DA:43,12
DA:44,6
DA:50,5
DA:51,6
DA:52,6
DA:53,6
DA:54,6
DA:55,6
DA:56,6
DA:57,4
DA:58,2
DA:64,15
DA:65,3
DA:66,3
DA:67,6
DA:77,3
DA:78,3
DA:80,3
DA:81,3
DA:82,3
DA:88,6
DA:89,3
DA:94,6
DA:95,3
DA:100,2
end_of_record
SF:/mnt/dev-1/Development/google/dart/projects/cbor/lib/src/cbor_dart_item.dart
DA:70,0
DA:91,9
DA:98,8
DA:105,0
end_of_record
SF:/mnt/dev-1/Development/google/dart/projects/cbor/lib/src/cbor_listener_debug.dart
DA:13,2
DA:17,1
DA:21,0
DA:25,2
DA:29,2
DA:33,0
DA:37,2
DA:41,2
DA:45,0
DA:49,2
DA:53,2
DA:57,1
DA:61,0
DA:65,0
DA:69,0
DA:73,0
DA:77,2
end_of_record
SF:/mnt/dev-1/Development/google/dart/projects/cbor/lib/src/cbor_output_standard.dart
DA:12,4
DA:13,8
DA:14,8
DA:19,8
DA:23,6
DA:27,6
DA:31,8
DA:35,9
DA:39,0
DA:40,0
DA:45,2
DA:46,4
DA:47,6
DA:48,4
DA:49,2
DA:54,2
DA:56,0
DA:58,4
DA:59,6
DA:60,2
DA:67,4
end_of_record
SF:/mnt/dev-1/Development/google/dart/projects/cbor/lib/src/cbor_output.dart
DA:28,4
DA:29,8
end_of_record
SF:/mnt/dev-1/Development/google/dart/projects/cbor/lib/src/cbor_decoder.dart
DA:42,0
DA:43,0
DA:44,0
DA:47,3
DA:48,3
DA:49,3
DA:50,3
DA:58,6
DA:59,6
DA:60,6
DA:61,3
DA:62,3
DA:65,3
DA:66,3
DA:67,6
DA:68,3
DA:70,3
DA:71,3
DA:72,3
DA:74,3
DA:75,3
DA:76,3
DA:78,3
DA:79,3
DA:80,1
DA:82,1
DA:83,1
DA:85,0
DA:86,0
DA:89,3
DA:90,3
DA:91,9
DA:92,3
DA:94,2
DA:95,2
DA:96,3
DA:98,3
DA:99,3
DA:100,2
DA:102,1
DA:103,1
DA:104,1
DA:106,1
DA:107,1
DA:109,0
DA:110,0
DA:113,3
DA:114,3
DA:115,3
DA:116,3
DA:117,2
DA:118,0
DA:119,0
DA:120,2
DA:122,0
DA:123,0
DA:124,2
DA:126,0
DA:127,0
DA:128,2
DA:130,0
DA:131,0
DA:132,2
DA:133,2
DA:134,4
DA:136,0
DA:137,0
DA:140,3
DA:141,3
DA:142,3
DA:143,3
DA:144,2
DA:145,0
DA:146,0
DA:147,2
DA:149,0
DA:150,0
DA:151,2
DA:153,0
DA:154,0
DA:155,2
DA:157,0
DA:158,0
DA:159,2
DA:160,2
DA:161,4
DA:163,0
DA:164,0
DA:167,3
DA:168,3
DA:169,6
DA:170,2
DA:171,1
DA:172,1
DA:173,2
DA:175,0
DA:176,0
DA:177,2
DA:179,0
DA:180,0
DA:181,2
DA:183,0
DA:184,0
DA:185,2
DA:186,2
DA:187,4
DA:189,0
DA:190,0
DA:193,3
DA:194,3
DA:195,6
DA:196,2
DA:197,0
DA:198,0
DA:199,2
DA:201,0
DA:202,0
DA:203,2
DA:205,0
DA:206,0
DA:207,2
DA:209,0
DA:210,0
DA:211,2
DA:212,2
DA:213,4
DA:215,0
DA:216,0
DA:219,3
DA:220,3
DA:221,6
DA:222,3
DA:223,3
DA:224,3
DA:225,1
DA:227,1
DA:228,1
DA:229,0
DA:231,0
DA:232,0
DA:233,0
DA:235,0
DA:236,0
DA:238,0
DA:239,0
DA:242,3
DA:243,3
DA:244,6
DA:245,3
DA:246,6
DA:247,3
DA:248,6
DA:249,3
DA:250,6
DA:251,3
DA:252,6
DA:253,3
DA:254,1
DA:255,1
DA:256,3
DA:258,3
DA:259,3
DA:260,3
DA:262,3
DA:263,3
DA:264,3
DA:266,3
DA:267,3
DA:268,2
DA:269,2
DA:270,4
DA:272,1
DA:273,2
DA:279,6
DA:280,9
DA:281,3
DA:282,3
DA:283,12
DA:284,3
DA:286,3
DA:287,12
DA:288,3
DA:290,3
DA:291,6
DA:292,6
DA:293,6
DA:295,0
DA:297,3
DA:299,1
DA:300,4
DA:301,1
DA:306,6
DA:307,9
DA:308,3
DA:309,3
DA:310,10
DA:311,2
DA:313,3
DA:314,15
DA:315,3
DA:317,2
DA:318,2
DA:319,2
DA:320,3
DA:321,0
DA:322,0
DA:324,0
DA:326,1
DA:328,1
DA:329,5
DA:330,1
DA:335,6
DA:336,0
DA:337,0
DA:338,0
DA:339,0
DA:340,0
DA:342,0
DA:343,0
DA:344,0
DA:346,0
DA:347,0
DA:348,0
DA:350,0
DA:351,0
DA:352,0
DA:357,6
DA:358,9
DA:360,9
DA:361,3
DA:362,9
DA:365,6
DA:366,0
DA:367,0
DA:368,0
DA:369,0
DA:370,0
DA:372,0
DA:373,0
DA:374,0
DA:376,0
DA:377,0
DA:378,0
DA:380,0
DA:381,0
DA:382,0
DA:387,6
DA:388,9
DA:390,9
DA:391,3
DA:392,3
DA:393,6
DA:394,3
DA:397,6
DA:398,3
DA:399,1
DA:400,1
DA:401,4
DA:402,1
DA:404,0
DA:405,0
DA:406,0
DA:408,0
DA:409,0
DA:410,0
DA:412,0
DA:413,0
DA:414,0
DA:419,6
DA:420,0
DA:421,0
DA:422,0
DA:423,0
DA:424,0
DA:426,0
DA:427,0
DA:428,0
DA:430,0
DA:431,0
DA:432,0
DA:434,0
DA:435,0
DA:436,0
DA:441,6
DA:442,9
DA:443,3
DA:444,3
DA:445,12
DA:446,3
DA:448,1
DA:449,4
DA:450,1
DA:452,0
DA:453,0
DA:454,0
DA:456,0
DA:457,0
DA:458,0
DA:463,6
DA:464,9
DA:465,3
DA:466,3
DA:467,4
DA:468,1
DA:470,3
DA:471,6
DA:472,6
DA:473,6
DA:474,3
DA:476,3
DA:477,9
DA:478,6
DA:479,6
DA:480,3
DA:482,3
DA:483,9
DA:484,6
DA:485,6
DA:486,3
DA:491,2
DA:492,2
DA:495,0
DA:502,2
end_of_record
SF:/mnt/dev-1/Development/google/dart/projects/cbor/lib/src/cbor_listener_stack.dart
DA:38,3
DA:58,3
DA:59,3
DA:60,3
DA:61,3
DA:62,6
DA:63,3
DA:64,3
DA:66,3
DA:71,3
DA:72,3
DA:74,1
DA:75,1
DA:77,3
DA:78,1
DA:79,1
DA:80,2
DA:82,3
DA:84,2
DA:85,2
DA:86,2
DA:87,2
DA:88,2
DA:89,2
DA:91,3
DA:93,2
DA:94,2
DA:95,2
DA:96,2
DA:97,2
DA:98,2
DA:100,3
DA:102,3
DA:103,3
DA:104,3
DA:105,3
DA:106,3
DA:107,3
DA:109,3
DA:111,3
DA:112,3
DA:113,3
DA:114,3
DA:115,3
DA:116,3
DA:118,3
DA:120,1
DA:121,1
DA:122,1
DA:123,1
DA:124,1
DA:125,1
DA:127,3
DA:129,0
DA:130,0
DA:131,0
DA:132,0
DA:133,0
DA:135,3
DA:138,3
DA:139,4
DA:141,3
DA:142,3
DA:143,3
DA:144,3
DA:145,3
DA:148,3
DA:153,3
DA:154,4
DA:156,3
DA:157,3
DA:158,3
DA:159,3
DA:160,3
DA:161,3
DA:163,3
DA:164,3
DA:166,3
DA:167,1
DA:169,3
DA:170,1
DA:172,3
DA:173,1
DA:175,3
DA:176,1
DA:181,3
DA:182,3
DA:183,3
DA:188,3
DA:189,3
DA:190,6
DA:191,3
DA:192,3
DA:193,3
DA:195,3
DA:199,3
DA:200,3
DA:201,6
DA:202,3
DA:203,3
DA:204,3
DA:205,1
DA:207,3
DA:213,3
DA:214,3
DA:216,3
DA:217,3
DA:219,3
DA:220,1
DA:222,3
DA:223,1
DA:225,3
DA:226,0
DA:228,3
DA:229,0
DA:231,3
DA:232,2
DA:234,3
DA:235,2
DA:237,3
DA:238,3
DA:240,3
DA:241,3
DA:243,3
DA:244,3
DA:246,1
DA:247,1
DA:249,1
DA:250,1
DA:252,1
DA:253,1
DA:255,1
DA:256,1
DA:258,1
DA:259,1
DA:262,1
DA:268,3
DA:269,3
DA:270,3
DA:271,3
DA:272,3
DA:278,3
DA:279,3
DA:280,3
DA:281,3
DA:282,3
DA:288,3
DA:289,3
DA:290,3
DA:291,3
DA:292,3
DA:296,3
DA:297,3
DA:298,3
DA:299,3
DA:303,3
DA:304,3
DA:305,3
DA:306,3
DA:311,1
DA:312,1
DA:313,1
DA:314,1
DA:315,1
DA:316,1
DA:322,1
DA:332,2
DA:333,4
DA:334,4
DA:336,2
DA:337,4
DA:338,2
DA:340,2
DA:341,4
DA:342,2
DA:344,2
DA:345,4
DA:346,2
DA:348,2
DA:350,6
DA:351,0
DA:354,4
DA:356,2
DA:357,8
DA:359,2
DA:360,4
DA:362,2
DA:363,2
DA:365,2
DA:366,2
DA:367,4
DA:368,2
DA:369,2
DA:370,2
DA:371,2
DA:372,2
DA:373,2
DA:374,6
DA:377,0
DA:381,0
DA:387,3
DA:392,9
DA:394,6
DA:396,6
DA:401,3
DA:402,6
DA:405,6
DA:406,6
DA:407,4
DA:409,9
DA:410,12
DA:411,3
DA:413,3
DA:415,6
DA:416,3
DA:419,6
DA:421,3
DA:424,12
DA:425,6
DA:426,3
DA:427,3
DA:428,3
DA:433,6
DA:434,6
DA:436,3
DA:438,12
DA:441,12
DA:442,3
DA:444,3
DA:446,6
DA:447,3
DA:451,3
DA:452,3
DA:457,0
DA:467,9
DA:468,6
DA:477,9
DA:478,6
end_of_record
SF:/mnt/dev-1/Development/google/dart/projects/cbor/lib/src/cbor_item_stack.dart
DA:14,3
DA:16,0
DA:25,3
DA:26,6
DA:31,6
DA:32,6
DA:33,3
DA:38,6
DA:39,3
DA:44,6
DA:49,6
DA:56,9
DA:57,3
DA:58,6
DA:59,6
DA:60,6
DA:61,9
DA:71,6
DA:72,2
DA:73,4
DA:74,4
DA:75,4
DA:76,6
DA:86,1
DA:87,3
DA:88,2
DA:89,3
DA:90,3
DA:92,1
DA:93,0
DA:94,0
DA:95,0
DA:104,1
end_of_record
SF:/mnt/dev-1/Development/google/dart/projects/cbor/lib/src/cbor.dart
DA:13,1
DA:14,1
DA:15,2
DA:16,3
DA:17,2
DA:26,0
DA:28,1
DA:30,0
DA:32,1
DA:34,0
DA:36,0
DA:39,0
DA:44,2
DA:45,2
DA:46,2
DA:47,3
DA:48,4
DA:49,2
DA:54,2
DA:55,2
DA:56,2
DA:57,1
DA:58,1
DA:59,3
DA:60,4
DA:61,2
DA:67,2
DA:68,2
DA:69,6
DA:70,4
DA:71,2
DA:76,2
DA:77,2
DA:82,2
DA:83,2
DA:89,1
DA:92,1
DA:94,1
DA:95,2
DA:96,4
DA:98,4
DA:109,2
DA:114,3
DA:121,1
DA:123,1
DA:127,2
end_of_record
SF:/mnt/dev-1/Development/google/dart/projects/cbor/lib/src/cbor_constants.dart
DA:568,9
end_of_record
SF:/mnt/dev-1/Development/google/dart/projects/cbor/lib/src/cbor_numeric_support.dart
DA:17,4
DA:18,4
DA:19,4
DA:20,4
DA:21,4
DA:22,4
DA:23,4
DA:24,4
DA:25,4
DA:26,12
DA:27,12
DA:28,12
DA:29,8
DA:30,4
DA:31,4
DA:32,8
DA:33,4
DA:40,3
DA:41,3
DA:42,3
DA:43,3
DA:44,30
DA:45,3
DA:46,3
DA:47,18
DA:55,2
DA:56,2
DA:58,2
DA:65,2
DA:66,2
DA:68,2
DA:69,2
DA:78,1
DA:79,2
DA:80,1
DA:81,2
DA:82,1
DA:84,1
DA:88,1
end_of_record
